<?xml version="1.0" encoding="UTF-8"?>
<testng-results ignored="0" total="1" passed="1" failed="0" skipped="0">
  <reporter-output>
  </reporter-output>
  <suite started-at="2024-03-14T00:09:00 IST" name="Suite" finished-at="2024-03-14T00:09:15 IST" duration-ms="14459">
    <groups>
    </groups>
    <test started-at="2024-03-14T00:09:00 IST" name="Business_Events" finished-at="2024-03-14T00:09:15 IST" duration-ms="14459">
      <class name="TestBase.FlightBookTest">
        <test-method is-config="true" signature="beforeMethod()[pri:0, instance:null(TestBase.FlightBookTest)]" started-at="2024-03-14T00:09:00 IST" name="beforeMethod" finished-at="2024-03-14T00:09:00 IST" duration-ms="14" status="PASS">
          <reporter-output>
          </reporter-output>
        </test-method> <!-- beforeMethod -->
        <test-method signature="loginpage()[pri:0, instance:null(TestBase.FlightBookTest)]" started-at="2024-03-14T00:09:00 IST" name="loginpage" finished-at="2024-03-14T00:09:14 IST" duration-ms="14074" status="PASS">
          <reporter-output>
          </reporter-output>
        </test-method> <!-- loginpage -->
        <test-method is-config="true" signature="logout()[pri:0, instance:null(TestBase.FlightBookTest)]" started-at="2024-03-14T00:09:14 IST" name="logout" finished-at="2024-03-14T00:09:15 IST" duration-ms="331" status="PASS">
          <reporter-output>
          </reporter-output>
        </test-method> <!-- logout -->
      </class> <!-- TestBase.FlightBookTest -->
    </test> <!-- Business_Events -->
  </suite> <!-- Suite -->
</testng-results>
